make.exe all --print-data-base --no-builtin-variables --no-builtin-rules --question
# GNU Make 3.82.90
# Built for i686-pc-mingw32
# Copyright (C) 1988-2012 Free Software Foundation, Inc.
# License GPLv3+: GNU GPL version 3 or later <http://gnu.org/licenses/gpl.html>
# This is free software: you are free to change and redistribute it.
# There is NO WARRANTY, to the extent permitted by law.
 

# Make data base, printed on Thu Jul 28 16:21:30 2022

# Variables

# automatic
<D = $(patsubst %/,%,$(patsubst %\,%,$(dir $<)))
# automatic
?F = $(notdir $?)
# default
.SHELLFLAGS := -c
# makefile
MAKEFLAGS = sRrqp
# automatic
?D = $(patsubst %/,%,$(patsubst %\,%,$(dir $?)))
# automatic
@D = $(patsubst %/,%,$(patsubst %\,%,$(dir $@)))
# environment
HOMEDRIVE = C:
# automatic
@F = $(notdir $@)
# automatic
^D = $(patsubst %/,%,$(patsubst %\,%,$(dir $^)))
# makefile
CURDIR := c:/Golang/test Telegram bot
# default
SHELL := sh.exe
# environment
WINDIR = C:\Windows
# environment
VSCODE_NLS_CONFIG = {"locale":"ru","availableLanguages":{"*":"ru"},"_languagePackId":"f1271d778ec77496b280bb178e5ed275.ru","_translationsConfigFile":"C:\\Users\\admin\\AppData\\Roaming\\Code\\clp\\f1271d778ec77496b280bb178e5ed275.ru\\tcf.json","_cacheRoot":"C:\\Users\\admin\\AppData\\Roaming\\Code\\clp\\f1271d778ec77496b280bb178e5ed275.ru","_resolvedLanguagePackCoreLocation":"C:\\Users\\admin\\AppData\\Roaming\\Code\\clp\\f1271d778ec77496b280bb178e5ed275.ru\\3b889b090b5ad5793f524b5d1d39fda662b96a2a","_corruptedFile":"C:\\Users\\admin\\AppData\\Roaming\\Code\\clp\\f1271d778ec77496b280bb178e5ed275.ru\\corrupted.info","_languagePackSupport":true}
# environment
VBOX_MSI_INSTALL_PATH = C:\Program Files\Oracle\VirtualBox\
# environment
PYCHARM COMMUNITY EDITION = C:\Program Files\JetBrains\PyCharm Community Edition 2021.1.3\bin;
# environment
ONEDRIVE = C:\Users\admin\OneDrive
# environment
PATHEXT = .COM;.EXE;.BAT;.CMD;.VBS;.VBE;.JS;.JSE;.WSF;.WSH;.MSC
# makefile (from 'Makefile', line 1)
MAKEFILE_LIST :=  Makefile
# environment
FPS_BROWSER_USER_PROFILE_STRING = Default
# environment
TMP = C:\Users\admin\AppData\Local\Temp
# environment
VSCODE_AMD_ENTRYPOINT = vs/workbench/api/node/extensionHostProcess
# environment
PROGRAMW6432 = C:\Program Files
# environment
PROGRAMDATA = C:\ProgramData
# environment
VSCODE_CWD = C:\Users\admin\AppData\Local\Programs\Microsoft VS Code
# environment
GOPROXY = https://proxy.golang.org,direct
# environment
ESET_OP 
TIONS = $(subst ,,                                                                                                                                                                                                                                                                                                                                                                                                                                                                                                                               )
# environment
PATH = C:\Program Files (x86)\Common Files\Oracle\Java\javapath;C:\Windows\system32;C:\Windows;C:\Windows\System32\Wbem;C:\Windows\System32\WindowsPowerShell\v1.0\;C:\Windows\System32\OpenSSH\;C:\Program Files (x86)\NVIDIA Corporation\PhysX\Common;C:\Program Files\NVIDIA Corporation\NVIDIA NvDLISR;C:\Program Files\Git\cmd;C:\Program Files\PuTTY\;C:\Program Files\MATLAB\R2017b\runtime\win64;C:\Program Files\MATLAB\R2017b\bin;C:\Program Files\Microsoft SQL Server\130\Tools\Binn\;C:\Program Files\Microsoft SQL Server\Client SDK\ODBC\170\Tools\Binn\;C:\Program Files\dotnet\;C:\mysql\bin\;C:\Program Files\Microsoft SQL Server\150\Tools\Binn\;C:\TDM-GCC-64\bin;C:\Program Files\mingw-w64\x86_64-8.1.0-release-posix-seh-rt_v6-rev0\mingw64\bin;C:\opencv\build\install\x64\mingw\bin;C:\MinGW\bin;C:\Program Files\Go\bin;C:\Program Files\Docker\Docker\resources\bin;C:\ProgramData\DockerDesktop\version-bin;C:\Users\admin\AppData\Local\Programs\Python\Python39\Scripts\;C:\Users\admin\AppData\Local\Programs\Python\Python39\;C:\Users\admin\AppData\Local\Microsoft\WindowsApps;C:\Program Files\JetBrains\PyCharm Community Edition 2021.1.3\bin;;C:\Users\admin\AppData\Local\GitHubDesktop\bin;C:\Program Files (x86)\Nmap;C:\Users\admin\.dotnet\tools;C:\Users\admin\AppData\Local\Programs\Microsoft VS Code\bin;C:\Program Files\CMake\bin;C:\Users\admin\go\bin
# environment
COMMONPROGRAMW6432 = C:\Program Files\Common Files
# environment
PROCESSOR_ARCHITECTURE = x86
# environment
USERPROFILE = C:\Users\admin
# environment
ALLUSERSPROFILE = C:\ProgramData
# environment
GOPATH = C:\Users\admin\go
# environment
NUMBER_OF_PROCESSORS = 12
# environment
ELECTRON_RUN_AS_NODE = 1
# default
.FEATURES := target-specific order-only second-expansion else-if shortest-stem undefine oneshell archives jobserver
# automatic
%F = $(notdir $%)
# environment
CHROME_CRASHPAD_PIPE_NAME = \\.\pipe\crashpad_5772_FYYYFQULLHQNGQZB
# environment
COMPUTERNAME = LILSLIME-PC
# environment
PROGRAMFILES = C:\Program Files (x86)
# environment
DRIVERDATA = C:\Windows\System32\Drivers\DriverData
# environment
ORIGINAL_XDG_CURRENT_DESKTOP = undefined
# environment
USERNAME = admin
# environment
PUBLIC = C:\Users\Public
# environment
GOMODCACHE = C:\Users\admin\go\pkg\mod
# environment
VSCODE_CODE_CACHE_PATH = C:\Users\admin\AppData\Roaming\Code\CachedData\3b889b090b5ad5793f524b5d1d39fda662b96a2a
# environment
APPLICATION_INSIGHTS_NO_DIAGNOSTIC_CHANNEL = true
# environment
COMMONPROGRAMFILES = C:\Program Files (x86)\Common Files
# environment
LOGONSERVER = \\LILSLIME-PC
# environment
VSCODE_HANDLES_UNCAUGHT_ERRORS = true
# environment
USERDOMAIN = LILSLIME-PC
# environment
MAKELEVEL := 0
# default
MAKE = $(MAKE_COMMAND)
# default
MAKECMDGOALS := all
# environment
QT_DEVICE_PIXEL_RATIO = auto
# default
MAKE_VERSION := 3.82.90
# makefile
.DEFAULT_GOAL := run
# environment
PROGRAMFILES(X86) = C:\Program Files (x86)
# automatic
%D = $(patsubst %/,%,$(patsubst %\,%,$(dir $%)))
# environment
LOCALAPPDATA = C:\Users\admin\AppData\Local
# environment
PSMODULEPATH = C:\Program Files\WindowsPowerShell\Modules;C:\Windows\system32\WindowsPowerShell\v1.0\Modules
# default
MAKE_COMMAND := make.exe
# environment
PROCESSOR_ARCHITEW6432 = AMD64
# default
.VARIABLES := 
# automatic
*F = $(notdir $*)
# environment
PROCESSOR_IDENTIFIER = AMD64 Family 23 Model 8 Stepping 2, AuthenticAMD
# environment
OS = Windows_NT
# environment
VSCODE_IPC_HOOK = \\.\pipe\40c024692924a7e0e09c00bf44e8c2ef-1.69.2-main-sock
# environment
HOMEPATH = \Users\admin
# environment
COMMONPROGRAMFILES(X86) = C:\Program Files (x86)\Common Files
# environment
PROMPT = $P$G
# environment
MFLAGS = -sRrqp
# automatic
*D = $(patsubst %/,%,$(patsubst %\,%,$(dir $*)))
# environment
SYSTEMROOT = C:\Windows
# automatic
+D = $(patsubst %/,%,$(patsubst %\,%,$(dir $+)))
# automatic
+F = $(notdir $+)
# environment
APPDATA = C:\Users\admin\AppData\Roaming
# environment
TEMP = C:\Users\admin\AppData\Local\Temp
# environment
AMDRMPATH = C:\Program Files\AMD\RyzenMaster\
# environment
COMSPEC = C:\Windows\system32\cmd 
.exe
# default
MAKEFILES := 
# automatic
<F = $(notdir $<)
# environment
LC_ALL = C
# automatic
^F = $(notdir $^)
# default
SUFFIXES := 
# environment
SYSTEMDRIVE = C:
# environment
SESSIONNAME = Console
# environment
PROCESSOR_REVISION = 0802
# default
.INCLUDE_DIRS = C:/MinGW/include
# default
.RECIPEPREFIX := 
# environment
LANG = C
# environment
PROCESSOR_LEVEL = 23
# environment
FPS_BROWSER_APP_PROFILE_STRING = Internet Explorer
# environment
PT7HOME = C:\Program Files\Cisco Packet Tracer 7.3.1
# environment
VSCODE_PID = 5772
# environment
USERDOMAIN_ROAMINGPROFILE = LILSLIME-PC
# variable set hash-table stats:
# Load=95/1024=9%, Rehash=0, Collisions=12/114=11%

# Pattern-specific Variable Values

# No pattern-specific variable values.

# Directories

# : could not be stat'd.
# C:\ProgramData\DockerDesktop\version-bin: could not be stat'd.
# C:\Program Files\NVIDIA Corporation\NVIDIA NvDLISR (key C:/Program Files/NVIDIA Corporation/NVIDIA NvDLISR, mtime 1610115095): 5 files, no impossibilities.
# C:\Windows\System32\WindowsPowerShell\v1.0\ (key C:/Windows/System32/WindowsPowerShell/v1.0/, mtime 1610119798): 31 files, no impossibilities.
# . (key c:/Golang/test Telegram bot, mtime 1658944113): 10 files, no impossibilities.
# C:\Program Files\Microsoft SQL Server\Client SDK\ODBC\170\Tools\Binn\ (key C:/Program Files/Microsoft SQL Server/Client SDK/ODBC/170/Tools/Binn/, mtime 1653307625): 7 files, no impossibilities.
# C:\Program Files (x86)\Common Files\Oracle\Java\javapath (key C:/Program Files (x86)/Common Files/Oracle/Java/javapath, mtime 1642757559): 5 files, no impossibilities.
# C:\Users\admin\AppData\Local\Programs\Python\Python39\ (key C:/Users/admin/AppData/Local/Programs/Python/Python39/, mtime 1624210426): 18 files, no impossibilities.
# C:\Program Files\Microsoft SQL Server\150\Tools\Binn\ (key C:/Program Files/Microsoft SQL Server/150/Tools/Binn/, mtime 1653402986): 4 files, no impossibilities.
# C:\TDM-GCC-64\bin (key C:/TDM-GCC-64/bin, mtime 1656687897): 61 files, no impossibilities.
# C:\Users\admin\AppData\Local\Programs\Python\Python39\Scripts\ (key C:/Users/admin/AppData/Local/Programs/Python/Python39/Scripts/, mtime 1628432822): 29 files, no impossibilities.
# C:\Program Files\Docker\Docker\resources\bin (key C:/Program Files/Docker/Docker/resources/bin, mtime 1658154160): 13 files, no impossibilities.
# C:\Program Files\Git\cmd (key C:/Program Files/Git/cmd, mtime 1628701318): 8 files, no impossibilities.
# C:\Windows\System32\OpenSSH\: could not be stat'd.
# C:\MinGW\bin (key C:/MinGW/bin, mtime 1658057334): 55 files, no impossibilities.
# C:\Program Files (x86)\NVIDIA Corporation\PhysX\Common (key C:/Program Files (x86)/NVIDIA Corporation/PhysX/Common, mtime 1658677863): 11 files, no impossibilities.
# C:\Program Files\CMake\bin (key C:/Program Files/CMake/bin, mtime 1657977651): 7 files, no impossibilities.
# C:\Users\admin\go\bin (key C:/Users/admin/go/bin, mtime 1658071956): 12 files, no impossibilities.
# C:\mysql\bin\ (key C:/mysql/bin/, mtime 1648049016): 46 files, no impossibilities.
# C:\Program Files\MATLAB\R2017b\bin (key C:/Program Files/MATLAB/R2017b/bin, mtime 1645815198): 21 files, no impossibilities.
# C:\Windows (key C:/Windows, mtime 1657696698): 117 files, no impossibilities.
# C:\Program Files\Go\bin (key C:/Program Files/Go/bin, mtime 1658075694): 4 files, no impossibilities.
# C:\Users\admin\AppData\Local\Microsoft\WindowsApps (key C:/Users/admin/AppData/Local/Microsoft/WindowsApps, mtime 1655893762): 9 files, no impossibilities.
# C:\Program Files\Microsoft SQL Server\130\Tools\Binn\ (key C:/Program Files/Microsoft SQL Server/130/Tools/Binn/, mtime 1653307617): 4 files, no impossibilities.
# C:\Windows\System32\Wbem (key C:/Windows/System32/Wbem, mtime 1657696700): 170 files, no impossibilities.
# C:\Users\admin\AppData\Local\GitHubDesktop\bin (key C:/Users/admin/AppData/Local/GitHubDesktop/bin, mtime 1628692649): 4 files, no impossibilities.
# C:\Program Files\JetBrains\PyCharm Community Edition 2021.1.3\bin: could not be stat'd.
# C:\Program Files\mingw-w64\x86_64-8.1.0-release-posix-seh-rt_v6-rev0\mingw64\bin (key C:/Program Files/mingw-w64/x86_64-8.1.0-release-posix-seh-rt_v6-rev0/mingw64/bin, mtime 1526110174): 58 files, no impossibilities.
# C:\Program Files\dotnet\ (key C:/Program Files/dotnet/, mtime 1654364894): 13 files, no impossibilities.
# C:\Program Files (x86)\Nmap (key C:/Program Files (x86)/Nmap, mtime 1651558186): 37 files, no impossibilities.
# C:\Users\admin\AppData\Local\Programs\Microsoft VS Code\bin (key C:/Users/admin/AppData/Local/Programs/Microsoft VS Code/bin, mtime 1658245234): 4 files, no impossibilities.
# C:\Windows\system32 (key C:/Windows/system32, mtime 1658816037): 3100 files, no impossibilities.
# C:\Program Files\MATLAB\R2017b\runtime\win64 (key C:/Program Files/MATLAB/R2017b/runtime/win64, mtime 1645815202): 7 files, no impossibilities.
# C:\opencv\build\install\x64\mingw\bin (key C:/opencv/build/install/x64/mingw/bin, mtime 1657979756): 60 files, no impossibilities.
# C:\Users\admin\.dotnet\tools (key C:/Users/admin/.dotnet/tools, mtime 16 
make.exe: *** No rule to make target 'all'.  Stop.

53410772): 4 files, no impossibilities.
# C:\Program Files\PuTTY\ (key C:/Program Files/PuTTY/, mtime 1636207345): 12 files, no impossibilities.

# 3946 files, no impossibilities in 36 directories.

# Implicit Rules

# No implicit rules.

# Files

# Not a target:
all:
#  Command line target.
#  Implicit rule search has been done.
#  File does not exist.
#  File has not been updated.

.PHONY: run
#  Implicit rule search has not been done.
#  Modification time never checked.
#  File has not been updated.

# Not a target:
.SUFFIXES:
#  Implicit rule search has not been done.
#  Modification time never checked.
#  File has not been updated.

# Not a target:
Makefile:
#  Implicit rule search has been done.
#  Last modified 2022-07-24 16:35:02
#  File has been updated.
#  Successfully updated.

.SILENT:
#  Implicit rule search has not been done.
#  Modification time never checked.
#  File has not been updated.

# Not a target:
.DEFAULT:
#  Implicit rule search has not been done.
#  Modification time never checked.
#  File has not been updated.

run:
#  Phony target (prerequisite of .PHONY).
#  Implicit rule search has not been done.
#  File does not exist.
#  File has not been updated.
#  recipe to execute (from 'Makefile', line 5):
	go run cmd/main.go -t 

# files hash-table stats:
# Load=7/1024=1%, Rehash=0, Collisions=0/19=0%
# VPATH Search Paths

# No 'vpath' search paths.

# No general ('VPATH' variable) search path.

# strcache buffers: 8 (7) / strings = 3819 / storage = 58374 B / avg = 15 B
# current buf: size = 8174 B / used = 1216 B / count = 80 / avg = 15 B
# other used: total = 50200 B / count = 3739 / avg = 13 B
# other free: total = 60 B / max = 13 B / min = 5 B / avg = 8 B

# strcache performance: lookups = 3995 / hit rate = 4%
# hash-table stats:
# Load=3819/8192=47%, Rehash=0, Collisions=1571/3995=39%
# Finished Make data base on Thu Jul 28 16:21:30 2022

 
